<?xml version="1.0" encoding="UTF-8"?>
<!-- Generated by org.testng.reporters.JUnitReportReporter -->
<testsuite skipped="0" hostname="Kripal-VAIO" name="com.capsilon.qa.xmltestcases.PrintStudentsFromPuneTest" tests="1" failures="0" timestamp="25 Jun 2019 11:46:24 GMT" time="0.033" errors="0">
  <testcase name="countStudentsFromPune" time="0.033" classname="com.capsilon.qa.xmltestcases.PrintStudentsFromPuneTest"/>
</testsuite> <!-- com.capsilon.qa.xmltestcases.PrintStudentsFromPuneTest -->
