<?xml version="1.0" encoding="UTF-8"?>
<!-- Generated by org.testng.reporters.JUnitReportReporter -->
<testsuite skipped="0" hostname="Kripal-VAIO" name="com.capsilon.qa.studentresulttestcases.PrintSubjectHighestMarkTest" tests="1" failures="0" timestamp="25 Jun 2019 12:08:04 GMT" time="0.014" errors="0">
  <testcase name="highestMarks" time="0.014" classname="com.capsilon.qa.studentresulttestcases.PrintSubjectHighestMarkTest"/>
</testsuite> <!-- com.capsilon.qa.studentresulttestcases.PrintSubjectHighestMarkTest -->
