<?xml version="1.0" encoding="UTF-8"?>
<!-- Generated by org.testng.reporters.JUnitReportReporter -->
<testsuite skipped="0" hostname="Kripal-VAIO" name="com.capsilon.qa.xmltestcases.PrintProfessionalsOfSolapurCityTest" tests="1" failures="0" timestamp="25 Jun 2019 11:43:45 GMT" time="0.042" errors="0">
  <testcase name="professionalNamesOfSolapur" time="0.042" classname="com.capsilon.qa.xmltestcases.PrintProfessionalsOfSolapurCityTest"/>
</testsuite> <!-- com.capsilon.qa.xmltestcases.PrintProfessionalsOfSolapurCityTest -->
