<?xml version="1.0" encoding="UTF-8"?>
<!-- Generated by org.testng.reporters.JUnitReportReporter -->
<testsuite skipped="0" hostname="Kripal-VAIO" name="com.capsilon.qa.testcases.PrintStudentFailTest" tests="1" failures="0" timestamp="25 Jun 2019 10:56:06 GMT" time="0.453" errors="0">
  <testcase name="failedStudents1" time="0.453" classname="com.capsilon.qa.testcases.PrintStudentFailTest"/>
</testsuite> <!-- com.capsilon.qa.testcases.PrintStudentFailTest -->
