<?xml version="1.0" encoding="UTF-8"?>
<!-- Generated by org.testng.reporters.JUnitReportReporter -->
<testsuite skipped="0" hostname="Kripal-VAIO" name="com.capsilon.qa.testcases.PrintTopperPhysics" tests="1" failures="0" timestamp="25 Jun 2019 11:09:31 GMT" time="0.350" errors="0">
  <testcase name="topperInPhysics" time="0.350" classname="com.capsilon.qa.testcases.PrintTopperPhysics"/>
</testsuite> <!-- com.capsilon.qa.testcases.PrintTopperPhysics -->
