<?xml version="1.0" encoding="UTF-8"?>
<!-- Generated by org.testng.reporters.JUnitReportReporter -->
<testsuite skipped="0" hostname="Kripal-VAIO" name="com.capsilon.qa.xmltestcases.PrintCitiesOfSalesmenTest" tests="1" failures="0" timestamp="25 Jun 2019 11:45:00 GMT" time="0.045" errors="0">
  <testcase name="printCitiesOfSaleman" time="0.045" classname="com.capsilon.qa.xmltestcases.PrintCitiesOfSalesmenTest"/>
</testsuite> <!-- com.capsilon.qa.xmltestcases.PrintCitiesOfSalesmenTest -->
