<?xml version="1.0" encoding="UTF-8"?>
<!-- Generated by org.testng.reporters.JUnitReportReporter -->
<testsuite skipped="0" hostname="Kripal-VAIO" name="com.capsilon.qa.testcases.PrintSubjectHighestMarkTest" tests="1" failures="0" timestamp="25 Jun 2019 11:01:54 GMT" time="0.381" errors="0">
  <testcase name="highestMarks" time="0.381" classname="com.capsilon.qa.testcases.PrintSubjectHighestMarkTest"/>
</testsuite> <!-- com.capsilon.qa.testcases.PrintSubjectHighestMarkTest -->
