<?xml version="1.0" encoding="UTF-8"?>
<!-- Generated by org.testng.reporters.JUnitReportReporter -->
<testsuite skipped="0" hostname="Kripal-VAIO" name="com.capsilon.qa.testcases.PrintStudentEqualMarksMaths" tests="1" failures="0" timestamp="25 Jun 2019 11:16:17 GMT" time="0.346" errors="0">
  <testcase name="similarMarksInMaths4" time="0.346" classname="com.capsilon.qa.testcases.PrintStudentEqualMarksMaths"/>
</testsuite> <!-- com.capsilon.qa.testcases.PrintStudentEqualMarksMaths -->
