<?xml version="1.0" encoding="UTF-8"?>
<!-- Generated by org.testng.reporters.JUnitReportReporter -->
<testsuite skipped="0" hostname="Kripal-VAIO" name="com.capsilon.qa.professionaltestcases.PrintProfessionalsOfSolapurCityTest" tests="1" failures="0" timestamp="25 Jun 2019 12:08:04 GMT" time="0.007" errors="0">
  <testcase name="professionalNamesOfSolapur" time="0.007" classname="com.capsilon.qa.professionaltestcases.PrintProfessionalsOfSolapurCityTest"/>
</testsuite> <!-- com.capsilon.qa.professionaltestcases.PrintProfessionalsOfSolapurCityTest -->
