<?xml version="1.0" encoding="UTF-8"?>
<!-- Generated by org.testng.reporters.JUnitReportReporter -->
<testsuite skipped="0" hostname="Kripal-VAIO" name="com.capsilon.qa.professionaltestcases.PrintStudentsFromPuneTest" tests="1" failures="0" timestamp="25 Jun 2019 12:08:04 GMT" time="0.021" errors="0">
  <testcase name="countStudentsFromPune" time="0.021" classname="com.capsilon.qa.professionaltestcases.PrintStudentsFromPuneTest"/>
</testsuite> <!-- com.capsilon.qa.professionaltestcases.PrintStudentsFromPuneTest -->
