<?xml version="1.0" encoding="UTF-8"?>
<!-- Generated by org.testng.reporters.JUnitReportReporter -->
<testsuite skipped="0" hostname="Kripal-VAIO" name="com.capsilon.qa.xmltestcases.PrintSalemenOfThaneCityTest" tests="1" failures="0" timestamp="25 Jun 2019 11:42:04 GMT" time="0.036" errors="0">
  <testcase name="noOfSalesmanOfThane" time="0.036" classname="com.capsilon.qa.xmltestcases.PrintSalemenOfThaneCityTest"/>
</testsuite> <!-- com.capsilon.qa.xmltestcases.PrintSalemenOfThaneCityTest -->
